2024-04-23 08:54:55.429  INFO 12952 --- [restartedMain] c.shopme.admin.ShopmeBackEndApplication  : Starting ShopmeBackEndApplication using Java 17.0.10 on DESKTOP-5DP9EL4 with PID 12952 (D:\WorkSpace\SpringToolSuite4\sts4_workSpace\ShopmeProject\ShopmeWebParent\ShopmeBackEnd\target\classes started by Nguyen Hieu in D:\WorkSpace\SpringToolSuite4\sts4_workSpace\ShopmeProject\ShopmeWebParent\ShopmeBackEnd)
2024-04-23 08:54:55.433  INFO 12952 --- [restartedMain] c.shopme.admin.ShopmeBackEndApplication  : No active profile set, falling back to default profiles: default
2024-04-23 08:54:55.507  INFO 12952 --- [restartedMain] .e.DevToolsPropertyDefaultsPostProcessor : Devtools property defaults active! Set 'spring.devtools.add-properties' to 'false' to disable
2024-04-23 08:54:55.513  INFO 12952 --- [restartedMain] .e.DevToolsPropertyDefaultsPostProcessor : For additional web related logging consider setting the 'logging.level.web' property to 'DEBUG'
2024-04-23 08:54:56.425  INFO 12952 --- [restartedMain] .s.d.r.c.RepositoryConfigurationDelegate : Bootstrapping Spring Data JPA repositories in DEFAULT mode.
2024-04-23 08:54:56.507  INFO 12952 --- [restartedMain] .s.d.r.c.RepositoryConfigurationDelegate : Finished Spring Data repository scanning in 69 ms. Found 2 JPA repository interfaces.
2024-04-23 08:54:57.297  INFO 12952 --- [restartedMain] o.s.b.w.embedded.tomcat.TomcatWebServer  : Tomcat initialized with port(s): 8080 (http)
2024-04-23 08:54:57.311  INFO 12952 --- [restartedMain] o.apache.catalina.core.StandardService   : Starting service [Tomcat]
2024-04-23 08:54:57.312  INFO 12952 --- [restartedMain] org.apache.catalina.core.StandardEngine  : Starting Servlet engine: [Apache Tomcat/9.0.41]
2024-04-23 08:54:57.440  INFO 12952 --- [restartedMain] o.a.c.c.C.[.[localhost].[/ShopmeAdmin]   : Initializing Spring embedded WebApplicationContext
2024-04-23 08:54:57.441  INFO 12952 --- [restartedMain] w.s.c.ServletWebServerApplicationContext : Root WebApplicationContext: initialization completed in 1927 ms
2024-04-23 08:54:57.747  INFO 12952 --- [restartedMain] o.hibernate.jpa.internal.util.LogHelper  : HHH000204: Processing PersistenceUnitInfo [name: default]
2024-04-23 08:54:57.823  INFO 12952 --- [restartedMain] org.hibernate.Version                    : HHH000412: Hibernate ORM core version 5.4.25.Final
2024-04-23 08:54:58.036  INFO 12952 --- [restartedMain] o.hibernate.annotations.common.Version   : HCANN000001: Hibernate Commons Annotations {5.1.2.Final}
2024-04-23 08:54:58.207  INFO 12952 --- [restartedMain] com.zaxxer.hikari.HikariDataSource       : HikariPool-1 - Starting...
2024-04-23 08:54:58.693  INFO 12952 --- [restartedMain] com.zaxxer.hikari.HikariDataSource       : HikariPool-1 - Start completed.
2024-04-23 08:54:58.718  INFO 12952 --- [restartedMain] org.hibernate.dialect.Dialect            : HHH000400: Using dialect: org.hibernate.dialect.MySQL8Dialect
2024-04-23 08:54:59.716  INFO 12952 --- [restartedMain] o.h.e.t.j.p.i.JtaPlatformInitiator       : HHH000490: Using JtaPlatform implementation: [org.hibernate.engine.transaction.jta.platform.internal.NoJtaPlatform]
2024-04-23 08:54:59.729  INFO 12952 --- [restartedMain] j.LocalContainerEntityManagerFactoryBean : Initialized JPA EntityManagerFactory for persistence unit 'default'
2024-04-23 08:54:59.783  INFO 12952 --- [restartedMain] o.s.b.d.a.OptionalLiveReloadServer       : LiveReload server is running on port 35729
2024-04-23 08:54:59.869  WARN 12952 --- [restartedMain] JpaBaseConfiguration$JpaWebConfiguration : spring.jpa.open-in-view is enabled by default. Therefore, database queries may be performed during view rendering. Explicitly configure spring.jpa.open-in-view to disable this warning
2024-04-23 08:55:00.666  INFO 12952 --- [restartedMain] o.s.s.web.DefaultSecurityFilterChain     : Will secure Ant [pattern='/images/**'] with []
2024-04-23 08:55:00.667  INFO 12952 --- [restartedMain] o.s.s.web.DefaultSecurityFilterChain     : Will secure Ant [pattern='/js/**'] with []
2024-04-23 08:55:00.667  INFO 12952 --- [restartedMain] o.s.s.web.DefaultSecurityFilterChain     : Will secure Ant [pattern='/webjars/**'] with []
2024-04-23 08:55:00.667  INFO 12952 --- [restartedMain] o.s.s.web.DefaultSecurityFilterChain     : Will secure Ant [pattern='/css/**'] with []
2024-04-23 08:55:00.714  INFO 12952 --- [restartedMain] o.s.s.web.DefaultSecurityFilterChain     : Will secure any request with [org.springframework.security.web.context.request.async.WebAsyncManagerIntegrationFilter@3ee08612, org.springframework.security.web.context.SecurityContextPersistenceFilter@3d39b4c0, org.springframework.security.web.header.HeaderWriterFilter@68f0694a, org.springframework.security.web.csrf.CsrfFilter@21656793, org.springframework.security.web.authentication.logout.LogoutFilter@be9e8cc, org.springframework.security.web.authentication.UsernamePasswordAuthenticationFilter@f4ca0a2, org.springframework.security.web.savedrequest.RequestCacheAwareFilter@2ac559c0, org.springframework.security.web.servletapi.SecurityContextHolderAwareRequestFilter@4abe2b49, org.springframework.security.web.authentication.rememberme.RememberMeAuthenticationFilter@5a5cebe3, org.springframework.security.web.authentication.AnonymousAuthenticationFilter@68efaf4d, org.springframework.security.web.session.SessionManagementFilter@5ae5c2a7, org.springframework.security.web.access.ExceptionTranslationFilter@7885c56b, org.springframework.security.web.access.intercept.FilterSecurityInterceptor@253cd2b2]
2024-04-23 08:55:00.854  INFO 12952 --- [restartedMain] o.s.s.concurrent.ThreadPoolTaskExecutor  : Initializing ExecutorService 'applicationTaskExecutor'
2024-04-23 08:55:00.970  INFO 12952 --- [restartedMain] o.s.b.a.w.s.WelcomePageHandlerMapping    : Adding welcome page template: index
2024-04-23 08:55:01.600  INFO 12952 --- [restartedMain] o.s.b.w.embedded.tomcat.TomcatWebServer  : Tomcat started on port(s): 8080 (http) with context path '/ShopmeAdmin'
2024-04-23 08:55:01.615  INFO 12952 --- [restartedMain] c.shopme.admin.ShopmeBackEndApplication  : Started ShopmeBackEndApplication in 6.728 seconds (JVM running for 7.936)
2024-04-23 08:56:17.439  INFO 12952 --- [RMI TCP Connection(11)-127.0.0.1] inMXBeanRegistrar$SpringApplicationAdmin : Application shutdown requested.
2024-04-23 08:56:17.479  INFO 12952 --- [RMI TCP Connection(11)-127.0.0.1] o.s.s.concurrent.ThreadPoolTaskExecutor  : Shutting down ExecutorService 'applicationTaskExecutor'
2024-04-23 08:56:17.482  INFO 12952 --- [RMI TCP Connection(11)-127.0.0.1] j.LocalContainerEntityManagerFactoryBean : Closing JPA EntityManagerFactory for persistence unit 'default'
2024-04-23 08:56:17.487  INFO 12952 --- [RMI TCP Connection(11)-127.0.0.1] com.zaxxer.hikari.HikariDataSource       : HikariPool-1 - Shutdown initiated...
2024-04-23 08:56:17.498  INFO 12952 --- [RMI TCP Connection(11)-127.0.0.1] com.zaxxer.hikari.HikariDataSource       : HikariPool-1 - Shutdown completed.
2024-04-23 16:24:21.587  INFO 21272 --- [restartedMain] c.shopme.admin.ShopmeBackEndApplication  : Starting ShopmeBackEndApplication using Java 17.0.10 on DESKTOP-5DP9EL4 with PID 21272 (D:\WorkSpace\SpringToolSuite4\sts4_workSpace\ShopmeProject\ShopmeWebParent\ShopmeBackEnd\target\classes started by Nguyen Hieu in D:\WorkSpace\SpringToolSuite4\sts4_workSpace\ShopmeProject\ShopmeWebParent\ShopmeBackEnd)
2024-04-23 16:24:21.595  INFO 21272 --- [restartedMain] c.shopme.admin.ShopmeBackEndApplication  : No active profile set, falling back to default profiles: default
2024-04-23 16:24:21.625  INFO 21272 --- [restartedMain] .e.DevToolsPropertyDefaultsPostProcessor : Devtools property defaults active! Set 'spring.devtools.add-properties' to 'false' to disable
2024-04-23 16:24:21.625  INFO 21272 --- [restartedMain] .e.DevToolsPropertyDefaultsPostProcessor : For additional web related logging consider setting the 'logging.level.web' property to 'DEBUG'
2024-04-23 16:24:22.035  INFO 21272 --- [restartedMain] .s.d.r.c.RepositoryConfigurationDelegate : Bootstrapping Spring Data JPA repositories in DEFAULT mode.
2024-04-23 16:24:22.072  INFO 21272 --- [restartedMain] .s.d.r.c.RepositoryConfigurationDelegate : Finished Spring Data repository scanning in 31 ms. Found 2 JPA repository interfaces.
2024-04-23 16:24:22.437  INFO 21272 --- [restartedMain] o.s.b.w.embedded.tomcat.TomcatWebServer  : Tomcat initialized with port(s): 8080 (http)
2024-04-23 16:24:22.443  INFO 21272 --- [restartedMain] o.apache.catalina.core.StandardService   : Starting service [Tomcat]
2024-04-23 16:24:22.443  INFO 21272 --- [restartedMain] org.apache.catalina.core.StandardEngine  : Starting Servlet engine: [Apache Tomcat/9.0.41]
2024-04-23 16:24:22.499  INFO 21272 --- [restartedMain] o.a.c.c.C.[.[localhost].[/ShopmeAdmin]   : Initializing Spring embedded WebApplicationContext
2024-04-23 16:24:22.499  INFO 21272 --- [restartedMain] w.s.c.ServletWebServerApplicationContext : Root WebApplicationContext: initialization completed in 874 ms
2024-04-23 16:24:22.643  INFO 21272 --- [restartedMain] o.hibernate.jpa.internal.util.LogHelper  : HHH000204: Processing PersistenceUnitInfo [name: default]
2024-04-23 16:24:22.677  INFO 21272 --- [restartedMain] org.hibernate.Version                    : HHH000412: Hibernate ORM core version 5.4.25.Final
2024-04-23 16:24:22.767  INFO 21272 --- [restartedMain] o.hibernate.annotations.common.Version   : HCANN000001: Hibernate Commons Annotations {5.1.2.Final}
2024-04-23 16:24:22.837  INFO 21272 --- [restartedMain] com.zaxxer.hikari.HikariDataSource       : HikariPool-1 - Starting...
2024-04-23 16:24:23.047  INFO 21272 --- [restartedMain] com.zaxxer.hikari.HikariDataSource       : HikariPool-1 - Start completed.
2024-04-23 16:24:23.058  INFO 21272 --- [restartedMain] org.hibernate.dialect.Dialect            : HHH000400: Using dialect: org.hibernate.dialect.MySQL8Dialect
2024-04-23 16:24:23.509  INFO 21272 --- [restartedMain] o.h.e.t.j.p.i.JtaPlatformInitiator       : HHH000490: Using JtaPlatform implementation: [org.hibernate.engine.transaction.jta.platform.internal.NoJtaPlatform]
2024-04-23 16:24:23.515  INFO 21272 --- [restartedMain] j.LocalContainerEntityManagerFactoryBean : Initialized JPA EntityManagerFactory for persistence unit 'default'
2024-04-23 16:24:23.540  INFO 21272 --- [restartedMain] o.s.b.d.a.OptionalLiveReloadServer       : LiveReload server is running on port 35729
2024-04-23 16:24:23.571  WARN 21272 --- [restartedMain] JpaBaseConfiguration$JpaWebConfiguration : spring.jpa.open-in-view is enabled by default. Therefore, database queries may be performed during view rendering. Explicitly configure spring.jpa.open-in-view to disable this warning
2024-04-23 16:24:23.935  INFO 21272 --- [restartedMain] o.s.s.web.DefaultSecurityFilterChain     : Will secure Ant [pattern='/images/**'] with []
2024-04-23 16:24:23.936  INFO 21272 --- [restartedMain] o.s.s.web.DefaultSecurityFilterChain     : Will secure Ant [pattern='/js/**'] with []
2024-04-23 16:24:23.936  INFO 21272 --- [restartedMain] o.s.s.web.DefaultSecurityFilterChain     : Will secure Ant [pattern='/webjars/**'] with []
2024-04-23 16:24:23.936  INFO 21272 --- [restartedMain] o.s.s.web.DefaultSecurityFilterChain     : Will secure Ant [pattern='/css/**'] with []
2024-04-23 16:24:23.957  INFO 21272 --- [restartedMain] o.s.s.web.DefaultSecurityFilterChain     : Will secure any request with [org.springframework.security.web.context.request.async.WebAsyncManagerIntegrationFilter@1e29488b, org.springframework.security.web.context.SecurityContextPersistenceFilter@3cf13187, org.springframework.security.web.header.HeaderWriterFilter@67dbc6ce, org.springframework.security.web.csrf.CsrfFilter@254953a6, org.springframework.security.web.authentication.logout.LogoutFilter@7eb350fe, org.springframework.security.web.authentication.UsernamePasswordAuthenticationFilter@7b1a040, org.springframework.security.web.savedrequest.RequestCacheAwareFilter@71f2a57d, org.springframework.security.web.servletapi.SecurityContextHolderAwareRequestFilter@5e8cda51, org.springframework.security.web.authentication.rememberme.RememberMeAuthenticationFilter@6aeb4b44, org.springframework.security.web.authentication.AnonymousAuthenticationFilter@5a421e7b, org.springframework.security.web.session.SessionManagementFilter@4991566b, org.springframework.security.web.access.ExceptionTranslationFilter@3dabb3c6, org.springframework.security.web.access.intercept.FilterSecurityInterceptor@168a2a8e]
2024-04-23 16:24:24.029  INFO 21272 --- [restartedMain] o.s.s.concurrent.ThreadPoolTaskExecutor  : Initializing ExecutorService 'applicationTaskExecutor'
2024-04-23 16:24:24.085  INFO 21272 --- [restartedMain] o.s.b.a.w.s.WelcomePageHandlerMapping    : Adding welcome page template: index
2024-04-23 16:24:24.426  INFO 21272 --- [restartedMain] o.s.b.w.embedded.tomcat.TomcatWebServer  : Tomcat started on port(s): 8080 (http) with context path '/ShopmeAdmin'
2024-04-23 16:24:24.433  INFO 21272 --- [restartedMain] c.shopme.admin.ShopmeBackEndApplication  : Started ShopmeBackEndApplication in 3.09 seconds (JVM running for 3.633)
2024-04-23 16:24:35.358  INFO 21272 --- [RMI TCP Connection(7)-127.0.0.1] inMXBeanRegistrar$SpringApplicationAdmin : Application shutdown requested.
2024-04-23 16:24:35.384  INFO 21272 --- [RMI TCP Connection(7)-127.0.0.1] o.s.s.concurrent.ThreadPoolTaskExecutor  : Shutting down ExecutorService 'applicationTaskExecutor'
2024-04-23 16:24:35.385  INFO 21272 --- [RMI TCP Connection(7)-127.0.0.1] j.LocalContainerEntityManagerFactoryBean : Closing JPA EntityManagerFactory for persistence unit 'default'
2024-04-23 16:24:35.388  INFO 21272 --- [RMI TCP Connection(7)-127.0.0.1] com.zaxxer.hikari.HikariDataSource       : HikariPool-1 - Shutdown initiated...
2024-04-23 16:24:35.392  INFO 21272 --- [RMI TCP Connection(7)-127.0.0.1] com.zaxxer.hikari.HikariDataSource       : HikariPool-1 - Shutdown completed.
2024-04-23 16:29:21.152  INFO 8456 --- [restartedMain] c.shopme.admin.ShopmeBackEndApplication  : Starting ShopmeBackEndApplication using Java 17.0.10 on DESKTOP-5DP9EL4 with PID 8456 (D:\WorkSpace\SpringToolSuite4\sts4_workSpace\ShopmeProject\ShopmeWebParent\ShopmeBackEnd\target\classes started by Nguyen Hieu in D:\WorkSpace\SpringToolSuite4\sts4_workSpace\ShopmeProject\ShopmeWebParent\ShopmeBackEnd)
2024-04-23 16:29:21.154  INFO 8456 --- [restartedMain] c.shopme.admin.ShopmeBackEndApplication  : No active profile set, falling back to default profiles: default
2024-04-23 16:29:21.187  INFO 8456 --- [restartedMain] .e.DevToolsPropertyDefaultsPostProcessor : Devtools property defaults active! Set 'spring.devtools.add-properties' to 'false' to disable
2024-04-23 16:29:21.187  INFO 8456 --- [restartedMain] .e.DevToolsPropertyDefaultsPostProcessor : For additional web related logging consider setting the 'logging.level.web' property to 'DEBUG'
2024-04-23 16:29:21.580  INFO 8456 --- [restartedMain] .s.d.r.c.RepositoryConfigurationDelegate : Bootstrapping Spring Data JPA repositories in DEFAULT mode.
2024-04-23 16:29:21.618  INFO 8456 --- [restartedMain] .s.d.r.c.RepositoryConfigurationDelegate : Finished Spring Data repository scanning in 31 ms. Found 2 JPA repository interfaces.
2024-04-23 16:29:21.960  INFO 8456 --- [restartedMain] o.s.b.w.embedded.tomcat.TomcatWebServer  : Tomcat initialized with port(s): 8080 (http)
2024-04-23 16:29:21.967  INFO 8456 --- [restartedMain] o.apache.catalina.core.StandardService   : Starting service [Tomcat]
2024-04-23 16:29:21.968  INFO 8456 --- [restartedMain] org.apache.catalina.core.StandardEngine  : Starting Servlet engine: [Apache Tomcat/9.0.41]
2024-04-23 16:29:22.026  INFO 8456 --- [restartedMain] o.a.c.c.C.[.[localhost].[/ShopmeAdmin]   : Initializing Spring embedded WebApplicationContext
2024-04-23 16:29:22.026  INFO 8456 --- [restartedMain] w.s.c.ServletWebServerApplicationContext : Root WebApplicationContext: initialization completed in 838 ms
2024-04-23 16:29:22.168  INFO 8456 --- [restartedMain] o.hibernate.jpa.internal.util.LogHelper  : HHH000204: Processing PersistenceUnitInfo [name: default]
2024-04-23 16:29:22.203  INFO 8456 --- [restartedMain] org.hibernate.Version                    : HHH000412: Hibernate ORM core version 5.4.25.Final
2024-04-23 16:29:22.292  INFO 8456 --- [restartedMain] o.hibernate.annotations.common.Version   : HCANN000001: Hibernate Commons Annotations {5.1.2.Final}
2024-04-23 16:29:22.362  INFO 8456 --- [restartedMain] com.zaxxer.hikari.HikariDataSource       : HikariPool-1 - Starting...
2024-04-23 16:29:22.595  INFO 8456 --- [restartedMain] com.zaxxer.hikari.HikariDataSource       : HikariPool-1 - Start completed.
2024-04-23 16:29:22.607  INFO 8456 --- [restartedMain] org.hibernate.dialect.Dialect            : HHH000400: Using dialect: org.hibernate.dialect.MySQL8Dialect
2024-04-23 16:29:23.066  INFO 8456 --- [restartedMain] o.h.e.t.j.p.i.JtaPlatformInitiator       : HHH000490: Using JtaPlatform implementation: [org.hibernate.engine.transaction.jta.platform.internal.NoJtaPlatform]
2024-04-23 16:29:23.072  INFO 8456 --- [restartedMain] j.LocalContainerEntityManagerFactoryBean : Initialized JPA EntityManagerFactory for persistence unit 'default'
2024-04-23 16:29:23.098  INFO 8456 --- [restartedMain] o.s.b.d.a.OptionalLiveReloadServer       : LiveReload server is running on port 35729
2024-04-23 16:29:23.130  WARN 8456 --- [restartedMain] JpaBaseConfiguration$JpaWebConfiguration : spring.jpa.open-in-view is enabled by default. Therefore, database queries may be performed during view rendering. Explicitly configure spring.jpa.open-in-view to disable this warning
2024-04-23 16:29:23.497  INFO 8456 --- [restartedMain] o.s.s.web.DefaultSecurityFilterChain     : Will secure Ant [pattern='/images/**'] with []
2024-04-23 16:29:23.497  INFO 8456 --- [restartedMain] o.s.s.web.DefaultSecurityFilterChain     : Will secure Ant [pattern='/js/**'] with []
2024-04-23 16:29:23.497  INFO 8456 --- [restartedMain] o.s.s.web.DefaultSecurityFilterChain     : Will secure Ant [pattern='/webjars/**'] with []
2024-04-23 16:29:23.497  INFO 8456 --- [restartedMain] o.s.s.web.DefaultSecurityFilterChain     : Will secure Ant [pattern='/css/**'] with []
2024-04-23 16:29:23.517  INFO 8456 --- [restartedMain] o.s.s.web.DefaultSecurityFilterChain     : Will secure any request with [org.springframework.security.web.context.request.async.WebAsyncManagerIntegrationFilter@4b980917, org.springframework.security.web.context.SecurityContextPersistenceFilter@732fd6bf, org.springframework.security.web.header.HeaderWriterFilter@6c3027a5, org.springframework.security.web.csrf.CsrfFilter@50cdce88, org.springframework.security.web.authentication.logout.LogoutFilter@7929636e, org.springframework.security.web.authentication.UsernamePasswordAuthenticationFilter@26f197f3, org.springframework.security.web.savedrequest.RequestCacheAwareFilter@75c51f2, org.springframework.security.web.servletapi.SecurityContextHolderAwareRequestFilter@24ccde20, org.springframework.security.web.authentication.rememberme.RememberMeAuthenticationFilter@55351afd, org.springframework.security.web.authentication.AnonymousAuthenticationFilter@4bb172d2, org.springframework.security.web.session.SessionManagementFilter@5e7f2139, org.springframework.security.web.access.ExceptionTranslationFilter@318a2f09, org.springframework.security.web.access.intercept.FilterSecurityInterceptor@5809f682]
2024-04-23 16:29:23.586  INFO 8456 --- [restartedMain] o.s.s.concurrent.ThreadPoolTaskExecutor  : Initializing ExecutorService 'applicationTaskExecutor'
2024-04-23 16:29:23.641  INFO 8456 --- [restartedMain] o.s.b.a.w.s.WelcomePageHandlerMapping    : Adding welcome page template: index
2024-04-23 16:29:23.952  INFO 8456 --- [restartedMain] o.s.b.w.embedded.tomcat.TomcatWebServer  : Tomcat started on port(s): 8080 (http) with context path '/ShopmeAdmin'
2024-04-23 16:29:23.959  INFO 8456 --- [restartedMain] c.shopme.admin.ShopmeBackEndApplication  : Started ShopmeBackEndApplication in 3.045 seconds (JVM running for 3.62)
2024-04-23 16:29:39.365  INFO 8456 --- [http-nio-8080-exec-2] o.a.c.c.C.[.[localhost].[/ShopmeAdmin]   : Initializing Spring DispatcherServlet 'dispatcherServlet'
2024-04-23 16:29:39.365  INFO 8456 --- [http-nio-8080-exec-2] o.s.web.servlet.DispatcherServlet        : Initializing Servlet 'dispatcherServlet'
2024-04-23 16:29:39.366  INFO 8456 --- [http-nio-8080-exec-2] o.s.web.servlet.DispatcherServlet        : Completed initialization in 1 ms
2024-04-23 16:30:54.669 ERROR 8456 --- [http-nio-8080-exec-1] com.shopme.admin.FileUploadUtil          : Could not list directory: user-photos\25
2024-04-23 16:35:34.317  INFO 8456 --- [Thread-4] o.s.s.concurrent.ThreadPoolTaskExecutor  : Shutting down ExecutorService 'applicationTaskExecutor'
2024-04-23 16:35:34.318  INFO 8456 --- [Thread-4] j.LocalContainerEntityManagerFactoryBean : Closing JPA EntityManagerFactory for persistence unit 'default'
2024-04-23 16:35:34.320  INFO 8456 --- [Thread-4] com.zaxxer.hikari.HikariDataSource       : HikariPool-1 - Shutdown initiated...
2024-04-23 16:35:34.324  INFO 8456 --- [Thread-4] com.zaxxer.hikari.HikariDataSource       : HikariPool-1 - Shutdown completed.
